# JRE version: Java(TM) SE Runtime Environment (8.0_144-b01) (build 1.8.0_144-b01)
# Java VM: Java HotSpot(TM) 64-Bit Server VM (25.144-b01 mixed mode windows-amd64 compressed oops)
Heap:
 PSYoungGen      total 67072K, used 66089K [0x00000000eab00000, 0x00000000f6480000, 0x0000000100000000)
  eden space 66560K, 99% used [0x00000000eab00000,0x00000000eeb82660,0x00000000eec00000)
  from space 512K, 6% used [0x00000000f6400000,0x00000000f6408000,0x00000000f6480000)
  to   space 1536K, 0% used [0x00000000f6180000,0x00000000f6180000,0x00000000f6300000)
 ParOldGen       total 77312K, used 35605K [0x00000000c0000000, 0x00000000c4b80000, 0x00000000eab00000)
  object space 77312K, 46% used [0x00000000c0000000,0x00000000c22c5520,0x00000000c4b80000)
 Metaspace       used 59136K, capacity 61946K, committed 62080K, reserved 1103872K
  class space    used 7790K, capacity 8290K, committed 8320K, reserved 1048576K
GC Heap History (10 events):
Event: 202057.559 GC heap before
{Heap before GC invocations=57 (full 3):
 PSYoungGen      total 79872K, used 77888K [0x00000000eab00000, 0x00000000f6880000, 0x0000000100000000)
  eden space 77824K, 100% used [0x00000000eab00000,0x00000000ef700000,0x00000000ef700000)
  from space 2048K, 3% used [0x00000000f6480000,0x00000000f6490000,0x00000000f6680000)
  to   space 2048K, 0% used [0x00000000f6680000,0x00000000f6680000,0x00000000f6880000)
 ParOldGen       total 77312K, used 35565K [0x00000000c0000000, 0x00000000c4b80000, 0x00000000eab00000)
  object space 77312K, 46% used [0x00000000c0000000,0x00000000c22bb520,0x00000000c4b80000)
 Metaspace       used 59136K, capacity 61946K, committed 62080K, reserved 1103872K
  class space    used 7790K, capacity 8290K, committed 8320K, reserved 1048576K
Event: 202057.564 GC heap after
Heap after GC invocations=57 (full 3):
 PSYoungGen      total 75776K, used 64K [0x00000000eab00000, 0x00000000f6700000, 0x0000000100000000)
  eden space 75264K, 0% used [0x00000000eab00000,0x00000000eab00000,0x00000000ef480000)
  from space 512K, 12% used [0x00000000f6680000,0x00000000f6690000,0x00000000f6700000)
  to   space 2048K, 0% used [0x00000000f6300000,0x00000000f6300000,0x00000000f6500000)
 ParOldGen       total 77312K, used 35573K [0x00000000c0000000, 0x00000000c4b80000, 0x00000000eab00000)
  object space 77312K, 46% used [0x00000000c0000000,0x00000000c22bd520,0x00000000c4b80000)
 Metaspace       used 59136K, capacity 61946K, committed 62080K, reserved 1103872K
  class space    used 7790K, capacity 8290K, committed 8320K, reserved 1048576K
}
Event: 204388.859 GC heap before
{Heap before GC invocations=58 (full 3):
 PSYoungGen      total 75776K, used 75328K [0x00000000eab00000, 0x00000000f6700000, 0x0000000100000000)
  eden space 75264K, 100% used [0x00000000eab00000,0x00000000ef480000,0x00000000ef480000)
  from space 512K, 12% used [0x00000000f6680000,0x00000000f6690000,0x00000000f6700000)
  to   space 2048K, 0% used [0x00000000f6300000,0x00000000f6300000,0x00000000f6500000)
 ParOldGen       total 77312K, used 35573K [0x00000000c0000000, 0x00000000c4b80000, 0x00000000eab00000)
  object space 77312K, 46% used [0x00000000c0000000,0x00000000c22bd520,0x00000000c4b80000)
 Metaspace       used 59136K, capacity 61946K, committed 62080K, reserved 1103872K
  class space    used 7790K, capacity 8290K, committed 8320K, reserved 1048576K
Event: 204388.865 GC heap after
Heap after GC invocations=58 (full 3):
 PSYoungGen      total 74752K, used 64K [0x00000000eab00000, 0x00000000f6700000, 0x0000000100000000)
  eden space 72704K, 0% used [0x00000000eab00000,0x00000000eab00000,0x00000000ef200000)
  from space 2048K, 3% used [0x00000000f6300000,0x00000000f6310000,0x00000000f6500000)
  to   space 2048K, 0% used [0x00000000f6500000,0x00000000f6500000,0x00000000f6700000)
 ParOldGen       total 77312K, used 35589K [0x00000000c0000000, 0x00000000c4b80000, 0x00000000eab00000)
  object space 77312K, 46% used [0x00000000c0000000,0x00000000c22c1520,0x00000000c4b80000)
 Metaspace       used 59136K, capacity 61946K, committed 62080K, reserved 1103872K
  class space    used 7790K, capacity 8290K, committed 8320K, reserved 1048576K
}
Event: 206618.345 GC heap before
{Heap before GC invocations=59 (full 3):
 PSYoungGen      total 74752K, used 72768K [0x00000000eab00000, 0x00000000f6700000, 0x0000000100000000)
  eden space 72704K, 100% used [0x00000000eab00000,0x00000000ef200000,0x00000000ef200000)
  from space 2048K, 3% used [0x00000000f6300000,0x00000000f6310000,0x00000000f6500000)
  to   space 2048K, 0% used [0x00000000f6500000,0x00000000f6500000,0x00000000f6700000)
 ParOldGen       total 77312K, used 35589K [0x00000000c0000000, 0x00000000c4b80000, 0x00000000eab00000)
  object space 77312K, 46% used [0x00000000c0000000,0x00000000c22c1520,0x00000000c4b80000)
 Metaspace       used 59136K, capacity 61946K, committed 62080K, reserved 1103872K
  class space    used 7790K, capacity 8290K, committed 8320K, reserved 1048576K
Event: 206618.352 GC heap after
Heap after GC invocations=59 (full 3):
 PSYoungGen      total 71168K, used 64K [0x00000000eab00000, 0x00000000f6580000, 0x0000000100000000)
  eden space 70656K, 0% used [0x00000000eab00000,0x00000000eab00000,0x00000000ef000000)
  from space 512K, 12% used [0x00000000f6500000,0x00000000f6510000,0x00000000f6580000)
  to   space 1536K, 0% used [0x00000000f6280000,0x00000000f6280000,0x00000000f6400000)
 ParOldGen       total 77312K, used 35597K [0x00000000c0000000, 0x00000000c4b80000, 0x00000000eab00000)
  object space 77312K, 46% used [0x00000000c0000000,0x00000000c22c3520,0x00000000c4b80000)
 Metaspace       used 59136K, capacity 61946K, committed 62080K, reserved 1103872K
  class space    used 7790K, capacity 8290K, committed 8320K, reserved 1048576K
}
Event: 208854.004 GC heap before
{Heap before GC invocations=60 (full 3):
 PSYoungGen      total 71168K, used 70720K [0x00000000eab00000, 0x00000000f6580000, 0x0000000100000000)
  eden space 70656K, 100% used [0x00000000eab00000,0x00000000ef000000,0x00000000ef000000)
  from space 512K, 12% used [0x00000000f6500000,0x00000000f6510000,0x00000000f6580000)
  to   space 1536K, 0% used [0x00000000f6280000,0x00000000f6280000,0x00000000f6400000)
 ParOldGen       total 77312K, used 35597K [0x00000000c0000000, 0x00000000c4b80000, 0x00000000eab00000)
  object space 77312K, 46% used [0x00000000c0000000,0x00000000c22c3520,0x00000000c4b80000)
 Metaspace       used 59136K, capacity 61946K, committed 62080K, reserved 1103872K
  class space    used 7790K, capacity 8290K, committed 8320K, reserved 1048576K
Event: 208854.009 GC heap after
Heap after GC invocations=60 (full 3):
 PSYoungGen      total 70144K, used 64K [0x00000000eab00000, 0x00000000f6580000, 0x0000000100000000)
  eden space 68608K, 0% used [0x00000000eab00000,0x00000000eab00000,0x00000000eee00000)
  from space 1536K, 4% used [0x00000000f6280000,0x00000000f6290000,0x00000000f6400000)
  to   space 1536K, 0% used [0x00000000f6400000,0x00000000f6400000,0x00000000f6580000)
 ParOldGen       total 77312K, used 35605K [0x00000000c0000000, 0x00000000c4b80000, 0x00000000eab00000)
  object space 77312K, 46% used [0x00000000c0000000,0x00000000c22c5520,0x00000000c4b80000)
 Metaspace       used 59136K, capacity 61946K, committed 62080K, reserved 1103872K
  class space    used 7790K, capacity 8290K, committed 8320K, reserved 1048576K
}
Event: 211039.537 GC heap before
{Heap before GC invocations=61 (full 3):
 PSYoungGen      total 70144K, used 68672K [0x00000000eab00000, 0x00000000f6580000, 0x0000000100000000)
  eden space 68608K, 100% used [0x00000000eab00000,0x00000000eee00000,0x00000000eee00000)
  from space 1536K, 4% used [0x00000000f6280000,0x00000000f6290000,0x00000000f6400000)
  to   space 1536K, 0% used [0x00000000f6400000,0x00000000f6400000,0x00000000f6580000)
 ParOldGen       total 77312K, used 35605K [0x00000000c0000000, 0x00000000c4b80000, 0x00000000eab00000)
  object space 77312K, 46% used [0x00000000c0000000,0x00000000c22c5520,0x00000000c4b80000)
 Metaspace       used 59136K, capacity 61946K, committed 62080K, reserved 1103872K
  class space    used 7790K, capacity 8290K, committed 8320K, reserved 1048576K
Event: 211039.541 GC heap after
Heap after GC invocations=61 (full 3):
 PSYoungGen      total 67072K, used 32K [0x00000000eab00000, 0x00000000f6480000, 0x0000000100000000)
  eden space 66560K, 0% used [0x00000000eab00000,0x00000000eab00000,0x00000000eec00000)
  from space 512K, 6% used [0x00000000f6400000,0x00000000f6408000,0x00000000f6480000)
  to   space 1536K, 0% used [0x00000000f6180000,0x00000000f6180000,0x00000000f6300000)
 ParOldGen       total 77312K, used 35605K [0x00000000c0000000, 0x00000000c4b80000, 0x00000000eab00000)
  object space 77312K, 46% used [0x00000000c0000000,0x00000000c22c5520,0x00000000c4b80000)
 Metaspace       used 59136K, capacity 61946K, committed 62080K, reserved 1103872K
  class space    used 7790K, capacity 8290K, committed 8320K, reserved 1048576K
}

